#
# There is insufficient memory for the Java Runtime Environment to continue.
# Native memory allocation (malloc) failed to allocate 37748736 bytes for committing reserved memory.
# Possible reasons:
#   The system is out of physical RAM or swap space
#   In 32 bit mode, the process size limit was hit
# Possible solutions:
#   Reduce memory load on the system
#   Increase physical memory or swap space
#   Check if swap backing store is full
#   Use 64 bit Java on a 64 bit OS
#   Decrease Java heap size (-Xmx/-Xms)
#   Decrease number of Java threads
#   Decrease Java thread stack sizes (-Xss)
#   Set larger code cache with -XX:ReservedCodeCacheSize=
# This output file may be truncated or incomplete.
#
#  Out of Memory Error (os_linux.cpp:2756), pid=4828, tid=140026514425600
#
# JRE version: Java(TM) SE Runtime Environment (7.0_80-b15) (build 1.7.0_80-b15)
# Java VM: Java HotSpot(TM) 64-Bit Server VM (24.80-b11 mixed mode linux-amd64 compressed oops)
# Failed to write core dump. Core dumps have been disabled. To enable core dumping, try "ulimit -c unlimited" before starting Java again
#

---------------  T H R E A D  ---------------

Current thread (0x00007f5a7c06a000):  VMThread [stack: 0x00007f5a7696c000,0x00007f5a76a6d000] [id=4837]

Stack: [0x00007f5a7696c000,0x00007f5a76a6d000],  sp=0x00007f5a76a6b340,  free space=1020k
Native frames: (J=compiled Java code, j=interpreted, Vv=VM code, C=native code)
V  [libjvm.so+0x9a320a]  VMError::report_and_die()+0x2ea
V  [libjvm.so+0x498d3b]  report_vm_out_of_memory(char const*, int, unsigned long, char const*)+0x9b
V  [libjvm.so+0x82191e]  os::Linux::commit_memory_impl(char*, unsigned long, bool)+0xfe
V  [libjvm.so+0x821e69]  os::pd_commit_memory(char*, unsigned long, unsigned long, bool)+0x29
V  [libjvm.so+0x81bb6a]  os::commit_memory(char*, unsigned long, unsigned long, bool)+0x2a
V  [libjvm.so+0x88d623]  PSVirtualSpace::expand_by(unsigned long)+0x53
V  [libjvm.so+0x88e9f8]  PSYoungGen::resize_generation(unsigned long, unsigned long)+0xf8
V  [libjvm.so+0x88db62]  PSYoungGen::resize(unsigned long, unsigned long)+0x22
V  [libjvm.so+0x88af1d]  PSScavenge::invoke_no_policy()+0xf3d
V  [libjvm.so+0x88b761]  PSScavenge::invoke()+0x41
V  [libjvm.so+0x843f40]  ParallelScavengeHeap::failed_mem_allocate(unsigned long)+0x70
V  [libjvm.so+0x9a4a97]  VM_ParallelGCFailedAllocation::doit()+0x97
V  [libjvm.so+0x9abf35]  VM_Operation::evaluate()+0x55
V  [libjvm.so+0x9aa2fa]  VMThread::evaluate_operation(VM_Operation*)+0xba
V  [libjvm.so+0x9aa67e]  VMThread::loop()+0x1ce
V  [libjvm.so+0x9aaaf0]  VMThread::run()+0x70
V  [libjvm.so+0x8238c8]  java_start(Thread*)+0x108

VM_Operation (0x00007f5a75517070): ParallelGCFailedAllocation, mode: safepoint, requested by thread 0x00007f5a7c147000


---------------  P R O C E S S  ---------------

Java Threads: ( => current thread )
  0x00007f5a7c149800 JavaThread "pool-1-thread-4" [_thread_blocked, id=4855, stack(0x00007f5a75216000,0x00007f5a75317000)]
  0x00007f5a7c148000 JavaThread "pool-1-thread-3" [_thread_blocked, id=4854, stack(0x00007f5a75317000,0x00007f5a75418000)]
  0x00007f5a7c147000 JavaThread "pool-1-thread-2" [_thread_blocked, id=4853, stack(0x00007f5a75418000,0x00007f5a75519000)]
  0x00007f5a7c144800 JavaThread "pool-2-thread-1" [_thread_blocked, id=4852, stack(0x00007f5a75519000,0x00007f5a7561a000)]
  0x00007f5a7c142800 JavaThread "pool-1-thread-1" [_thread_blocked, id=4851, stack(0x00007f5a7561a000,0x00007f5a7571b000)]
  0x00007f5a7c098800 JavaThread "Service Thread" daemon [_thread_blocked, id=4848, stack(0x00007f5a75c84000,0x00007f5a75d85000)]
  0x00007f5a7c096000 JavaThread "C2 CompilerThread1" daemon [_thread_blocked, id=4847, stack(0x00007f5a75d85000,0x00007f5a75e86000)]
  0x00007f5a7c093000 JavaThread "C2 CompilerThread0" daemon [_thread_blocked, id=4845, stack(0x00007f5a75e86000,0x00007f5a75f87000)]
  0x00007f5a7c091000 JavaThread "Signal Dispatcher" daemon [_thread_blocked, id=4843, stack(0x00007f5a75f87000,0x00007f5a76088000)]
  0x00007f5a7c070800 JavaThread "Finalizer" daemon [_thread_blocked, id=4839, stack(0x00007f5a7676a000,0x00007f5a7686b000)]
  0x00007f5a7c06e000 JavaThread "Reference Handler" daemon [_thread_blocked, id=4838, stack(0x00007f5a7686b000,0x00007f5a7696c000)]
  0x00007f5a7c00a000 JavaThread "main" [_thread_blocked, id=4829, stack(0x00007f5a846ab000,0x00007f5a847ac000)]

Other Threads:
=>0x00007f5a7c06a000 VMThread [stack: 0x00007f5a7696c000,0x00007f5a76a6d000] [id=4837]
  0x00007f5a7c0a3000 WatcherThread [stack: 0x00007f5a75b83000,0x00007f5a75c84000] [id=4849]

VM state:at safepoint (normal execution)

VM Mutex/Monitor currently owned by a thread:  ([mutex/lock_event])
[0x00007f5a7c006680] Threads_lock - owner thread: 0x00007f5a7c06a000
[0x00007f5a7c006b80] Heap_lock - owner thread: 0x00007f5a7c147000

Heap
 PSYoungGen      total 37376K, used 5088K [0x00000000eaa80000, 0x00000000ed480000, 0x0000000100000000)
  eden space 32256K, 0% used [0x00000000eaa80000,0x00000000eaa80000,0x00000000eca00000)
  from space 5120K, 99% used [0x00000000eca00000,0x00000000ecef81f8,0x00000000ecf00000)
  to   space 4608K, 0% used [0x00000000ecf00000,0x00000000ecf00000,0x00000000ed380000)
 ParOldGen       total 19456K, used 12151K [0x00000000c0000000, 0x00000000c1300000, 0x00000000eaa80000)
  object space 19456K, 62% used [0x00000000c0000000,0x00000000c0bddcf0,0x00000000c1300000)
 PSPermGen       total 21504K, used 5883K [0x00000000bae00000, 0x00000000bc300000, 0x00000000c0000000)
  object space 21504K, 27% used [0x00000000bae00000,0x00000000bb3bec88,0x00000000bc300000)

Card table byte_map: [0x00007f5a8176d000,0x00007f5a81997000] byte_map_base: 0x00007f5a81196000

Polling page: 0x00007f5a847c7000

Code Cache  [0x00007f5a79000000, 0x00007f5a79270000, 0x00007f5a7c000000)
 total_blobs=442 nmethods=213 adapters=183 free_code_cache=48269Kb largest_free_block=49384512

Compilation events (10 events):
Event: 13.463 Thread 0x00007f5a7c096000 nmethod 206 0x00007f5a790b6d90 code [0x00007f5a790b6f20, 0x00007f5a790b7358]
Event: 13.463 Thread 0x00007f5a7c096000  207             com.android.dx.dex.code.OutputCollector::add (9 bytes)
Event: 13.464 Thread 0x00007f5a7c096000 nmethod 207 0x00007f5a790b7a10 code [0x00007f5a790b7b60, 0x00007f5a790b7be8]
Event: 13.464 Thread 0x00007f5a7c096000  208             com.android.dx.ssa.DeadCodeRemover::pruneDeadInstructions (246 bytes)
Event: 13.758 Thread 0x00007f5a7c096000 nmethod 208 0x00007f5a790b85d0 code [0x00007f5a790b8780, 0x00007f5a790b8dd8]
Event: 13.875 Thread 0x00007f5a7c096000  209             com.android.dx.ssa.SsaMethod::bitSetFromLabelList (47 bytes)
Event: 14.090 Thread 0x00007f5a7c096000 nmethod 209 0x00007f5a790b6210 code [0x00007f5a790b63a0, 0x00007f5a790b6828]
Event: 14.103 Thread 0x00007f5a7c096000  210             com.android.dx.util.BitIntSet::<init> (13 bytes)
Event: 14.108 Thread 0x00007f5a7c093000 nmethod 203 0x00007f5a790dcb10 code [0x00007f5a790dd0e0, 0x00007f5a790e0680]
Event: 14.114 Thread 0x00007f5a7c093000  211             com.android.dx.dex.code.ZeroSizeInsn::<init> (12 bytes)

GC Heap History (10 events):
Event: 3.267 GC heap after
Heap after GC invocations=2 (full 0):
 PSYoungGen      total 9216K, used 993K [0x00000000eaa80000, 0x00000000ebc80000, 0x0000000100000000)
  eden space 8192K, 0% used [0x00000000eaa80000,0x00000000eaa80000,0x00000000eb280000)
  from space 1024K, 97% used [0x00000000eb380000,0x00000000eb478698,0x00000000eb480000)
  to   space 1024K, 0% used [0x00000000eb280000,0x00000000eb280000,0x00000000eb380000)
 ParOldGen       total 19456K, used 2255K [0x00000000c0000000, 0x00000000c1300000, 0x00000000eaa80000)
  object space 19456K, 11% used [0x00000000c0000000,0x00000000c0233ee8,0x00000000c1300000)
 PSPermGen       total 21504K, used 5509K [0x00000000bae00000, 0x00000000bc300000, 0x00000000c0000000)
  object space 21504K, 25% used [0x00000000bae00000,0x00000000bb3614f8,0x00000000bc300000)
}
Event: 4.381 GC heap before
{Heap before GC invocations=3 (full 0):
 PSYoungGen      total 9216K, used 9185K [0x00000000eaa80000, 0x00000000ebc80000, 0x0000000100000000)
  eden space 8192K, 100% used [0x00000000eaa80000,0x00000000eb280000,0x00000000eb280000)
  from space 1024K, 97% used [0x00000000eb380000,0x00000000eb478698,0x00000000eb480000)
  to   space 1024K, 0% used [0x00000000eb280000,0x00000000eb280000,0x00000000eb380000)
 ParOldGen       total 19456K, used 2255K [0x00000000c0000000, 0x00000000c1300000, 0x00000000eaa80000)
  object space 19456K, 11% used [0x00000000c0000000,0x00000000c0233ee8,0x00000000c1300000)
 PSPermGen       total 21504K, used 5652K [0x00000000bae00000, 0x00000000bc300000, 0x00000000c0000000)
  object space 21504K, 26% used [0x00000000bae00000,0x00000000bb385170,0x00000000bc300000)
Event: 4.428 GC heap after
Heap after GC invocations=3 (full 0):
 PSYoungGen      total 9216K, used 992K [0x00000000eaa80000, 0x00000000ebc80000, 0x0000000100000000)
  eden space 8192K, 0% used [0x00000000eaa80000,0x00000000eaa80000,0x00000000eb280000)
  from space 1024K, 96% used [0x00000000eb280000,0x00000000eb378018,0x00000000eb380000)
  to   space 1024K, 0% used [0x00000000ebb80000,0x00000000ebb80000,0x00000000ebc80000)
 ParOldGen       total 19456K, used 3840K [0x00000000c0000000, 0x00000000c1300000, 0x00000000eaa80000)
  object space 19456K, 19% used [0x00000000c0000000,0x00000000c03c03a8,0x00000000c1300000)
 PSPermGen       total 21504K, used 5652K [0x00000000bae00000, 0x00000000bc300000, 0x00000000c0000000)
  object space 21504K, 26% used [0x00000000bae00000,0x00000000bb385170,0x00000000bc300000)
}
Event: 5.375 GC heap before
{Heap before GC invocations=4 (full 0):
 PSYoungGen      total 9216K, used 9184K [0x00000000eaa80000, 0x00000000ebc80000, 0x0000000100000000)
  eden space 8192K, 100% used [0x00000000eaa80000,0x00000000eb280000,0x00000000eb280000)
  from space 1024K, 96% used [0x00000000eb280000,0x00000000eb378018,0x00000000eb380000)
  to   space 1024K, 0% used [0x00000000ebb80000,0x00000000ebb80000,0x00000000ebc80000)
 ParOldGen       total 19456K, used 3840K [0x00000000c0000000, 0x00000000c1300000, 0x00000000eaa80000)
  object space 19456K, 19% used [0x00000000c0000000,0x00000000c03c03a8,0x00000000c1300000)
 PSPermGen       total 21504K, used 5764K [0x00000000bae00000, 0x00000000bc300000, 0x00000000c0000000)
  object space 21504K, 26% used [0x00000000bae00000,0x00000000bb3a1308,0x00000000bc300000)
Event: 5.513 GC heap after
Heap after GC invocations=4 (full 0):
 PSYoungGen      total 17408K, used 992K [0x00000000eaa80000, 0x00000000ebc80000, 0x0000000100000000)
  eden space 16384K, 0% used [0x00000000eaa80000,0x00000000eaa80000,0x00000000eba80000)
  from space 1024K, 96% used [0x00000000ebb80000,0x00000000ebc78028,0x00000000ebc80000)
  to   space 1024K, 0% used [0x00000000eba80000,0x00000000eba80000,0x00000000ebb80000)
 ParOldGen       total 19456K, used 5328K [0x00000000c0000000, 0x00000000c1300000, 0x00000000eaa80000)
  object space 19456K, 27% used [0x00000000c0000000,0x00000000c0534008,0x00000000c1300000)
 PSPermGen       total 21504K, used 5764K [0x00000000bae00000, 0x00000000bc300000, 0x00000000c0000000)
  object space 21504K, 26% used [0x00000000bae00000,0x00000000bb3a1308,0x00000000bc300000)
}
Event: 7.577 GC heap before
{Heap before GC invocations=5 (full 0):
 PSYoungGen      total 17408K, used 17376K [0x00000000eaa80000, 0x00000000ebc80000, 0x0000000100000000)
  eden space 16384K, 100% used [0x00000000eaa80000,0x00000000eba80000,0x00000000eba80000)
  from space 1024K, 96% used [0x00000000ebb80000,0x00000000ebc78028,0x00000000ebc80000)
  to   space 1024K, 0% used [0x00000000eba80000,0x00000000eba80000,0x00000000ebb80000)
 ParOldGen       total 19456K, used 5328K [0x00000000c0000000, 0x00000000c1300000, 0x00000000eaa80000)
  object space 19456K, 27% used [0x00000000c0000000,0x00000000c0534008,0x00000000c1300000)
 PSPermGen       total 21504K, used 5816K [0x00000000bae00000, 0x00000000bc300000, 0x00000000c0000000)
  object space 21504K, 27% used [0x00000000bae00000,0x00000000bb3ae268,0x00000000bc300000)
Event: 7.655 GC heap after
Heap after GC invocations=5 (full 0):
 PSYoungGen      total 17408K, used 1009K [0x00000000eaa80000, 0x00000000ed380000, 0x0000000100000000)
  eden space 16384K, 0% used [0x00000000eaa80000,0x00000000eaa80000,0x00000000eba80000)
  from space 1024K, 98% used [0x00000000eba80000,0x00000000ebb7c698,0x00000000ebb80000)
  to   space 4608K, 0% used [0x00000000ecf00000,0x00000000ecf00000,0x00000000ed380000)
 ParOldGen       total 19456K, used 8485K [0x00000000c0000000, 0x00000000c1300000, 0x00000000eaa80000)
  object space 19456K, 43% used [0x00000000c0000000,0x00000000c0849628,0x00000000c1300000)
 PSPermGen       total 21504K, used 5816K [0x00000000bae00000, 0x00000000bc300000, 0x00000000c0000000)
  object space 21504K, 27% used [0x00000000bae00000,0x00000000bb3ae268,0x00000000bc300000)
}
Event: 9.701 GC heap before
{Heap before GC invocations=6 (full 0):
 PSYoungGen      total 17408K, used 17393K [0x00000000eaa80000, 0x00000000ed380000, 0x0000000100000000)
  eden space 16384K, 100% used [0x00000000eaa80000,0x00000000eba80000,0x00000000eba80000)
  from space 1024K, 98% used [0x00000000eba80000,0x00000000ebb7c698,0x00000000ebb80000)
  to   space 4608K, 0% used [0x00000000ecf00000,0x00000000ecf00000,0x00000000ed380000)
 ParOldGen       total 19456K, used 8485K [0x00000000c0000000, 0x00000000c1300000, 0x00000000eaa80000)
  object space 19456K, 43% used [0x00000000c0000000,0x00000000c0849628,0x00000000c1300000)
 PSPermGen       total 21504K, used 5854K [0x00000000bae00000, 0x00000000bc300000, 0x00000000c0000000)
  object space 21504K, 27% used [0x00000000bae00000,0x00000000bb3b7a00,0x00000000bc300000)
Event: 9.770 GC heap after
Heap after GC invocations=6 (full 0):
 PSYoungGen      total 36864K, used 4128K [0x00000000eaa80000, 0x00000000ed480000, 0x0000000100000000)
  eden space 32256K, 0% used [0x00000000eaa80000,0x00000000eaa80000,0x00000000eca00000)
  from space 4608K, 89% used [0x00000000ecf00000,0x00000000ed308108,0x00000000ed380000)
  to   space 5120K, 0% used [0x00000000eca00000,0x00000000eca00000,0x00000000ecf00000)
 ParOldGen       total 19456K, used 8485K [0x00000000c0000000, 0x00000000c1300000, 0x00000000eaa80000)
  object space 19456K, 43% used [0x00000000c0000000,0x00000000c0849628,0x00000000c1300000)
 PSPermGen       total 21504K, used 5854K [0x00000000bae00000, 0x00000000bc300000, 0x00000000c0000000)
  object space 21504K, 27% used [0x00000000bae00000,0x00000000bb3b7a00,0x00000000bc300000)
}
Event: 17.681 GC heap before
{Heap before GC invocations=7 (full 0):
 PSYoungGen      total 36864K, used 36384K [0x00000000eaa80000, 0x00000000ed480000, 0x0000000100000000)
  eden space 32256K, 100% used [0x00000000eaa80000,0x00000000eca00000,0x00000000eca00000)
  from space 4608K, 89% used [0x00000000ecf00000,0x00000000ed308108,0x00000000ed380000)
  to   space 5120K, 0% used [0x00000000eca00000,0x00000000eca00000,0x00000000ecf00000)
 ParOldGen       total 19456K, used 8485K [0x00000000c0000000, 0x00000000c1300000, 0x00000000eaa80000)
  object space 19456K, 43% used [0x00000000c0000000,0x00000000c0849628,0x00000000c1300000)
 PSPermGen       total 21504K, used 5883K [0x00000000bae00000, 0x00000000bc300000, 0x00000000c0000000)
  object space 21504K, 27% used [0x00000000bae00000,0x00000000bb3bec88,0x00000000bc300000)

Deoptimization events (6 events):
Event: 1.108 Thread 0x00007f5a7c00a000 Uncommon trap: reason=unstable_if action=reinterpret pc=0x00007f5a790608f4 method=java.lang.String.indexOf(II)I @ 49
Event: 1.130 Thread 0x00007f5a7c00a000 Uncommon trap: reason=unstable_if action=reinterpret pc=0x00007f5a79062908 method=java.lang.String.compareTo(Ljava/lang/String;)I @ 38
Event: 5.538 Thread 0x00007f5a7c142800 Uncommon trap: reason=unstable_if action=reinterpret pc=0x00007f5a7907ea60 method=com.android.dx.ssa.SsaRenamer$BlockRenamer.addMapping(ILcom/android/dx/rop/code/RegisterSpec;)V @ 120
Event: 8.764 Thread 0x00007f5a7c147000 Uncommon trap: reason=unstable_if action=reinterpret pc=0x00007f5a7907cbc4 method=com.android.dx.rop.cst.Constant.compareTo(Lcom/android/dx/rop/cst/Constant;)I @ 12
Event: 9.835 Thread 0x00007f5a7c147000 Uncommon trap: reason=unstable_if action=reinterpret pc=0x00007f5a790c23b4 method=com.android.dx.ssa.LocalVariableExtractor.processBlock(I)V @ 251
Event: 11.204 Thread 0x00007f5a7c00a000 Uncommon trap: reason=unstable_if action=reinterpret pc=0x00007f5a79099374 method=com.android.dx.util.IntList.binarysearch(I)I @ 105

Internal exceptions (10 events):
Event: 2.620 Thread 0x00007f5a7c147000 Threw 0x00000000eaed6bc8 at /HUDSON/workspace/7u-2-build-linux-amd64/jdk7u80/2329/hotspot/src/share/vm/prims/jvm.cpp:1319
Event: 2.628 Thread 0x00007f5a7c147000 Threw 0x00000000eaedc018 at /HUDSON/workspace/7u-2-build-linux-amd64/jdk7u80/2329/hotspot/src/share/vm/prims/jvm.cpp:1319
Event: 2.678 Thread 0x00007f5a7c00a000 Threw 0x00000000eafe3960 at /HUDSON/workspace/7u-2-build-linux-amd64/jdk7u80/2329/hotspot/src/share/vm/prims/jvm.cpp:1319
Event: 3.066 Thread 0x00007f5a7c147000 Threw 0x00000000eb1bcc18 at /HUDSON/workspace/7u-2-build-linux-amd64/jdk7u80/2329/hotspot/src/share/vm/prims/jvm.cpp:1319
Event: 3.086 Thread 0x00007f5a7c148000 Threw 0x00000000eb1f2870 at /HUDSON/workspace/7u-2-build-linux-amd64/jdk7u80/2329/hotspot/src/share/vm/prims/jvm.cpp:1319
Event: 3.406 Thread 0x00007f5a7c147000 Threw 0x00000000eaba85b8 at /HUDSON/workspace/7u-2-build-linux-amd64/jdk7u80/2329/hotspot/src/share/vm/prims/jvm.cpp:1319
Event: 4.086 Thread 0x00007f5a7c142800 Threw 0x00000000eafd38f0 at /HUDSON/workspace/7u-2-build-linux-amd64/jdk7u80/2329/hotspot/src/share/vm/prims/jvm.cpp:1319
Event: 4.243 Thread 0x00007f5a7c148000 Threw 0x00000000eb1a3850 at /HUDSON/workspace/7u-2-build-linux-amd64/jdk7u80/2329/hotspot/src/share/vm/prims/jvm.cpp:1319
Event: 6.268 Thread 0x00007f5a7c00a000 Threw 0x00000000eb2d9de8 at /HUDSON/workspace/7u-2-build-linux-amd64/jdk7u80/2329/hotspot/src/share/vm/prims/jvm.cpp:1319
Event: 11.689 Thread 0x00007f5a7c148000 Threw 0x00000000ebcd9a20 at /HUDSON/workspace/7u-2-build-linux-amd64/jdk7u80/2329/hotspot/src/share/vm/prims/jvm.cpp:1319

Events (10 events):
Event: 9.782 Executing VM operation: BulkRevokeBias done
Event: 9.835 Thread 0x00007f5a7c147000 Uncommon trap: trap_request=0xffffff75 fr.pc=0x00007f5a790c23b4
Event: 9.835 Thread 0x00007f5a7c147000 DEOPT PACKING pc=0x00007f5a790c23b4 sp=0x00007f5a755170c0
Event: 9.835 Thread 0x00007f5a7c147000 DEOPT UNPACKING pc=0x00007f5a79039045 sp=0x00007f5a75517090 mode 2
Event: 11.204 Thread 0x00007f5a7c00a000 Uncommon trap: trap_request=0xffffff75 fr.pc=0x00007f5a79099374
Event: 11.204 Thread 0x00007f5a7c00a000 DEOPT PACKING pc=0x00007f5a79099374 sp=0x00007f5a847a99c0
Event: 11.204 Thread 0x00007f5a7c00a000 DEOPT UNPACKING pc=0x00007f5a79039045 sp=0x00007f5a847a9968 mode 2
Event: 11.687 loading class 0x00007f5a28008880
Event: 11.688 loading class 0x00007f5a28008880 done
Event: 17.656 Executing VM operation: ParallelGCFailedAllocation


Dynamic libraries:
00400000-00401000 r-xp 00000000 08:06 665474                             /usr/lib/jvm/java-7-oracle/bin/java
00600000-00601000 rw-p 00000000 08:06 665474                             /usr/lib/jvm/java-7-oracle/bin/java
02149000-0216a000 rw-p 00000000 00:00 0                                  [heap]
bae00000-bc300000 rw-p 00000000 00:00 0 
bc300000-c0000000 rw-p 00000000 00:00 0 
c0000000-c1300000 rw-p 00000000 00:00 0 
c1300000-eaa80000 rw-p 00000000 00:00 0 
eaa80000-ed480000 rw-p 00000000 00:00 0 
ef880000-100000000 rw-p 00000000 00:00 0 
7f5a28000000-7f5a28033000 rw-p 00000000 00:00 0 
7f5a28033000-7f5a2c000000 ---p 00000000 00:00 0 
7f5a30000000-7f5a30021000 rw-p 00000000 00:00 0 
7f5a30021000-7f5a34000000 ---p 00000000 00:00 0 
7f5a34000000-7f5a34021000 rw-p 00000000 00:00 0 
7f5a34021000-7f5a38000000 ---p 00000000 00:00 0 
7f5a38000000-7f5a38024000 rw-p 00000000 00:00 0 
7f5a38024000-7f5a3c000000 ---p 00000000 00:00 0 
7f5a3c000000-7f5a3c021000 rw-p 00000000 00:00 0 
7f5a3c021000-7f5a40000000 ---p 00000000 00:00 0 
7f5a40000000-7f5a40021000 rw-p 00000000 00:00 0 
7f5a40021000-7f5a44000000 ---p 00000000 00:00 0 
7f5a44000000-7f5a44021000 rw-p 00000000 00:00 0 
7f5a44021000-7f5a48000000 ---p 00000000 00:00 0 
7f5a48000000-7f5a48b17000 rw-p 00000000 00:00 0 
7f5a48b17000-7f5a4c000000 ---p 00000000 00:00 0 
7f5a4c000000-7f5a4c8d2000 rw-p 00000000 00:00 0 
7f5a4c8d2000-7f5a50000000 ---p 00000000 00:00 0 
7f5a50000000-7f5a50021000 rw-p 00000000 00:00 0 
7f5a50021000-7f5a54000000 ---p 00000000 00:00 0 
7f5a54000000-7f5a54021000 rw-p 00000000 00:00 0 
7f5a54021000-7f5a58000000 ---p 00000000 00:00 0 
7f5a58000000-7f5a580e2000 rw-p 00000000 00:00 0 
7f5a580e2000-7f5a5c000000 ---p 00000000 00:00 0 
7f5a5c000000-7f5a5c021000 rw-p 00000000 00:00 0 
7f5a5c021000-7f5a60000000 ---p 00000000 00:00 0 
7f5a60000000-7f5a60021000 rw-p 00000000 00:00 0 
7f5a60021000-7f5a64000000 ---p 00000000 00:00 0 
7f5a64000000-7f5a64021000 rw-p 00000000 00:00 0 
7f5a64021000-7f5a68000000 ---p 00000000 00:00 0 
7f5a68000000-7f5a68021000 rw-p 00000000 00:00 0 
7f5a68021000-7f5a6c000000 ---p 00000000 00:00 0 
7f5a70000000-7f5a70021000 rw-p 00000000 00:00 0 
7f5a70021000-7f5a74000000 ---p 00000000 00:00 0 
7f5a750a9000-7f5a75216000 rw-p 00000000 00:00 0 
7f5a75216000-7f5a75219000 ---p 00000000 00:00 0 
7f5a75219000-7f5a75317000 rw-p 00000000 00:00 0                          [stack:4855]
7f5a75317000-7f5a7531a000 ---p 00000000 00:00 0 
7f5a7531a000-7f5a75418000 rw-p 00000000 00:00 0                          [stack:4854]
7f5a75418000-7f5a7541b000 ---p 00000000 00:00 0 
7f5a7541b000-7f5a75519000 rw-p 00000000 00:00 0                          [stack:4853]
7f5a75519000-7f5a7551c000 ---p 00000000 00:00 0 
7f5a7551c000-7f5a7561a000 rw-p 00000000 00:00 0                          [stack:4852]
7f5a7561a000-7f5a7561d000 ---p 00000000 00:00 0 
7f5a7561d000-7f5a7574c000 rw-p 00000000 00:00 0                          [stack:4851]
7f5a7574c000-7f5a75763000 r-xp 00000000 08:06 665284                     /usr/lib/jvm/java-7-oracle/jre/lib/amd64/libnet.so
7f5a75763000-7f5a75962000 ---p 00017000 08:06 665284                     /usr/lib/jvm/java-7-oracle/jre/lib/amd64/libnet.so
7f5a75962000-7f5a75963000 rw-p 00016000 08:06 665284                     /usr/lib/jvm/java-7-oracle/jre/lib/amd64/libnet.so
7f5a75963000-7f5a75973000 r-xp 00000000 08:06 665240                     /usr/lib/jvm/java-7-oracle/jre/lib/amd64/libnio.so
7f5a75973000-7f5a75b73000 ---p 00010000 08:06 665240                     /usr/lib/jvm/java-7-oracle/jre/lib/amd64/libnio.so
7f5a75b73000-7f5a75b74000 rw-p 00010000 08:06 665240                     /usr/lib/jvm/java-7-oracle/jre/lib/amd64/libnio.so
7f5a75b74000-7f5a75b83000 r--s 000df000 08:06 2895304                    /home/ashwin/Android/Sdk/build-tools/23.0.2/lib/dx.jar
7f5a75b83000-7f5a75b84000 ---p 00000000 00:00 0 
7f5a75b84000-7f5a75c84000 rw-p 00000000 00:00 0                          [stack:4849]
7f5a75c84000-7f5a75c87000 ---p 00000000 00:00 0 
7f5a75c87000-7f5a75d85000 rw-p 00000000 00:00 0                          [stack:4848]
7f5a75d85000-7f5a75d88000 ---p 00000000 00:00 0 
7f5a75d88000-7f5a75e86000 rw-p 00000000 00:00 0                          [stack:4847]
7f5a75e86000-7f5a75e89000 ---p 00000000 00:00 0 
7f5a75e89000-7f5a75f87000 rw-p 00000000 00:00 0                          [stack:4845]
7f5a75f87000-7f5a75f8a000 ---p 00000000 00:00 0 
7f5a75f8a000-7f5a76088000 rw-p 00000000 00:00 0                          [stack:4843]
7f5a76088000-7f5a7676a000 r--p 00000000 08:06 401314                     /usr/lib/locale/locale-archive
7f5a7676a000-7f5a7676d000 ---p 00000000 00:00 0 
7f5a7676d000-7f5a7686b000 rw-p 00000000 00:00 0                          [stack:4839]
7f5a7686b000-7f5a7686e000 ---p 00000000 00:00 0 
7f5a7686e000-7f5a7696c000 rw-p 00000000 00:00 0                          [stack:4838]
7f5a7696c000-7f5a7696d000 ---p 00000000 00:00 0 
7f5a7696d000-7f5a79000000 rw-p 00000000 00:00 0                          [stack:4837]
7f5a79000000-7f5a79270000 rwxp 00000000 00:00 0 
7f5a79270000-7f5a7c162000 rw-p 00000000 00:00 0 
7f5a7c162000-7f5a80000000 ---p 00000000 00:00 0 
7f5a8000c000-7f5a80d08000 rw-p 00000000 00:00 0 
7f5a80d08000-7f5a80ec8000 r--s 039fb000 08:06 664642                     /usr/lib/jvm/java-7-oracle/jre/lib/rt.jar
7f5a80ec8000-7f5a811ea000 rw-p 00000000 00:00 0 
7f5a811ea000-7f5a811eb000 ---p 00000000 00:00 0 
7f5a811eb000-7f5a812eb000 rw-p 00000000 00:00 0                          [stack:4836]
7f5a812eb000-7f5a812ec000 ---p 00000000 00:00 0 
7f5a812ec000-7f5a813ec000 rw-p 00000000 00:00 0                          [stack:4835]
7f5a813ec000-7f5a813ed000 ---p 00000000 00:00 0 
7f5a813ed000-7f5a814ed000 rw-p 00000000 00:00 0                          [stack:4833]
7f5a814ed000-7f5a814ee000 ---p 00000000 00:00 0 
7f5a814ee000-7f5a815f9000 rw-p 00000000 00:00 0                          [stack:4831]
7f5a815f9000-7f5a81617000 rw-p 00000000 00:00 0 
7f5a81617000-7f5a81621000 rw-p 00000000 00:00 0 
7f5a81621000-7f5a8176d000 rw-p 00000000 00:00 0 
7f5a8176d000-7f5a81778000 rw-p 00000000 00:00 0 
7f5a81778000-7f5a81796000 rw-p 00000000 00:00 0 
7f5a81796000-7f5a817a0000 rw-p 00000000 00:00 0 
7f5a817a0000-7f5a818eb000 rw-p 00000000 00:00 0 
7f5a818eb000-7f5a81901000 rw-p 00000000 00:00 0 
7f5a81901000-7f5a81996000 rw-p 00000000 00:00 0 
7f5a81996000-7f5a81997000 rw-p 00000000 00:00 0 
7f5a81997000-7f5a819ae000 r-xp 00000000 08:06 665260                     /usr/lib/jvm/java-7-oracle/jre/lib/amd64/libzip.so
7f5a819ae000-7f5a81bae000 ---p 00017000 08:06 665260                     /usr/lib/jvm/java-7-oracle/jre/lib/amd64/libzip.so
7f5a81bae000-7f5a81baf000 rw-p 00017000 08:06 665260                     /usr/lib/jvm/java-7-oracle/jre/lib/amd64/libzip.so
7f5a81baf000-7f5a81bba000 r-xp 00000000 08:06 528788                     /lib/x86_64-linux-gnu/libnss_files-2.19.so
7f5a81bba000-7f5a81db9000 ---p 0000b000 08:06 528788                     /lib/x86_64-linux-gnu/libnss_files-2.19.so
7f5a81db9000-7f5a81dba000 r--p 0000a000 08:06 528788                     /lib/x86_64-linux-gnu/libnss_files-2.19.so
7f5a81dba000-7f5a81dbb000 rw-p 0000b000 08:06 528788                     /lib/x86_64-linux-gnu/libnss_files-2.19.so
7f5a81dbb000-7f5a81dc6000 r-xp 00000000 08:06 528798                     /lib/x86_64-linux-gnu/libnss_nis-2.19.so
7f5a81dc6000-7f5a81fc5000 ---p 0000b000 08:06 528798                     /lib/x86_64-linux-gnu/libnss_nis-2.19.so
7f5a81fc5000-7f5a81fc6000 r--p 0000a000 08:06 528798                     /lib/x86_64-linux-gnu/libnss_nis-2.19.so
7f5a81fc6000-7f5a81fc7000 rw-p 0000b000 08:06 528798                     /lib/x86_64-linux-gnu/libnss_nis-2.19.so
7f5a81fc7000-7f5a81fde000 r-xp 00000000 08:06 528782                     /lib/x86_64-linux-gnu/libnsl-2.19.so
7f5a81fde000-7f5a821dd000 ---p 00017000 08:06 528782                     /lib/x86_64-linux-gnu/libnsl-2.19.so
7f5a821dd000-7f5a821de000 r--p 00016000 08:06 528782                     /lib/x86_64-linux-gnu/libnsl-2.19.so
7f5a821de000-7f5a821df000 rw-p 00017000 08:06 528782                     /lib/x86_64-linux-gnu/libnsl-2.19.so
7f5a821df000-7f5a821e1000 rw-p 00000000 00:00 0 
7f5a821e1000-7f5a821ea000 r-xp 00000000 08:06 528784                     /lib/x86_64-linux-gnu/libnss_compat-2.19.so
7f5a821ea000-7f5a823e9000 ---p 00009000 08:06 528784                     /lib/x86_64-linux-gnu/libnss_compat-2.19.so
7f5a823e9000-7f5a823ea000 r--p 00008000 08:06 528784                     /lib/x86_64-linux-gnu/libnss_compat-2.19.so
7f5a823ea000-7f5a823eb000 rw-p 00009000 08:06 528784                     /lib/x86_64-linux-gnu/libnss_compat-2.19.so
7f5a823eb000-7f5a82414000 r-xp 00000000 08:06 665275                     /usr/lib/jvm/java-7-oracle/jre/lib/amd64/libjava.so
7f5a82414000-7f5a82614000 ---p 00029000 08:06 665275                     /usr/lib/jvm/java-7-oracle/jre/lib/amd64/libjava.so
7f5a82614000-7f5a82616000 rw-p 00029000 08:06 665275                     /usr/lib/jvm/java-7-oracle/jre/lib/amd64/libjava.so
7f5a82616000-7f5a82623000 r-xp 00000000 08:06 665280                     /usr/lib/jvm/java-7-oracle/jre/lib/amd64/libverify.so
7f5a82623000-7f5a82822000 ---p 0000d000 08:06 665280                     /usr/lib/jvm/java-7-oracle/jre/lib/amd64/libverify.so
7f5a82822000-7f5a82824000 rw-p 0000c000 08:06 665280                     /usr/lib/jvm/java-7-oracle/jre/lib/amd64/libverify.so
7f5a82824000-7f5a8282b000 r-xp 00000000 08:06 528841                     /lib/x86_64-linux-gnu/librt-2.19.so
7f5a8282b000-7f5a82a2a000 ---p 00007000 08:06 528841                     /lib/x86_64-linux-gnu/librt-2.19.so
7f5a82a2a000-7f5a82a2b000 r--p 00006000 08:06 528841                     /lib/x86_64-linux-gnu/librt-2.19.so
7f5a82a2b000-7f5a82a2c000 rw-p 00007000 08:06 528841                     /lib/x86_64-linux-gnu/librt-2.19.so
7f5a82a2c000-7f5a82b31000 r-xp 00000000 08:06 528763                     /lib/x86_64-linux-gnu/libm-2.19.so
7f5a82b31000-7f5a82d30000 ---p 00105000 08:06 528763                     /lib/x86_64-linux-gnu/libm-2.19.so
7f5a82d30000-7f5a82d31000 r--p 00104000 08:06 528763                     /lib/x86_64-linux-gnu/libm-2.19.so
7f5a82d31000-7f5a82d32000 rw-p 00105000 08:06 528763                     /lib/x86_64-linux-gnu/libm-2.19.so
7f5a82d32000-7f5a838a8000 r-xp 00000000 08:06 665268                     /usr/lib/jvm/java-7-oracle/jre/lib/amd64/server/libjvm.so
7f5a838a8000-7f5a83aa7000 ---p 00b76000 08:06 665268                     /usr/lib/jvm/java-7-oracle/jre/lib/amd64/server/libjvm.so
7f5a83aa7000-7f5a83b6b000 rw-p 00b75000 08:06 665268                     /usr/lib/jvm/java-7-oracle/jre/lib/amd64/server/libjvm.so
7f5a83b6b000-7f5a83bac000 rw-p 00000000 00:00 0 
7f5a83bac000-7f5a83d67000 r-xp 00000000 08:06 528713                     /lib/x86_64-linux-gnu/libc-2.19.so
7f5a83d67000-7f5a83f66000 ---p 001bb000 08:06 528713                     /lib/x86_64-linux-gnu/libc-2.19.so
7f5a83f66000-7f5a83f6a000 r--p 001ba000 08:06 528713                     /lib/x86_64-linux-gnu/libc-2.19.so
7f5a83f6a000-7f5a83f6c000 rw-p 001be000 08:06 528713                     /lib/x86_64-linux-gnu/libc-2.19.so
7f5a83f6c000-7f5a83f71000 rw-p 00000000 00:00 0 
7f5a83f71000-7f5a83f74000 r-xp 00000000 08:06 528730                     /lib/x86_64-linux-gnu/libdl-2.19.so
7f5a83f74000-7f5a84173000 ---p 00003000 08:06 528730                     /lib/x86_64-linux-gnu/libdl-2.19.so
7f5a84173000-7f5a84174000 r--p 00002000 08:06 528730                     /lib/x86_64-linux-gnu/libdl-2.19.so
7f5a84174000-7f5a84175000 rw-p 00003000 08:06 528730                     /lib/x86_64-linux-gnu/libdl-2.19.so
7f5a84175000-7f5a8418a000 r-xp 00000000 08:06 657331                     /usr/lib/jvm/java-7-oracle/lib/amd64/jli/libjli.so
7f5a8418a000-7f5a84389000 ---p 00015000 08:06 657331                     /usr/lib/jvm/java-7-oracle/lib/amd64/jli/libjli.so
7f5a84389000-7f5a8438a000 rw-p 00014000 08:06 657331                     /usr/lib/jvm/java-7-oracle/lib/amd64/jli/libjli.so
7f5a8438a000-7f5a843a3000 r-xp 00000000 08:06 528833                     /lib/x86_64-linux-gnu/libpthread-2.19.so
7f5a843a3000-7f5a845a2000 ---p 00019000 08:06 528833                     /lib/x86_64-linux-gnu/libpthread-2.19.so
7f5a845a2000-7f5a845a3000 r--p 00018000 08:06 528833                     /lib/x86_64-linux-gnu/libpthread-2.19.so
7f5a845a3000-7f5a845a4000 rw-p 00019000 08:06 528833                     /lib/x86_64-linux-gnu/libpthread-2.19.so
7f5a845a4000-7f5a845a8000 rw-p 00000000 00:00 0 
7f5a845a8000-7f5a845cb000 r-xp 00000000 08:06 528689                     /lib/x86_64-linux-gnu/ld-2.19.so
7f5a845d5000-7f5a845f5000 rw-p 00000000 00:00 0 
7f5a845f5000-7f5a846ab000 rw-p 00000000 00:00 0 
7f5a846ab000-7f5a846ae000 ---p 00000000 00:00 0 
7f5a846ae000-7f5a847b0000 rw-p 00000000 00:00 0                          [stack:4829]
7f5a847b4000-7f5a847b5000 rw-p 00000000 00:00 0 
7f5a847b5000-7f5a847be000 r--s 0008a000 08:06 2390677                    /home/ashwin/AndroidStudioProjects/mqtt/app/build/intermediates/exploded-aar/com.android.support/appcompat-v7/23.2.0/jars/classes.jar
7f5a847be000-7f5a847c6000 rw-s 00000000 08:06 1062574                    /tmp/hsperfdata_ashwin/4828
7f5a847c6000-7f5a847c7000 rw-p 00000000 00:00 0 
7f5a847c7000-7f5a847c8000 ---p 00000000 00:00 0 
7f5a847c8000-7f5a847ca000 rw-p 00000000 00:00 0 
7f5a847ca000-7f5a847cb000 r--p 00022000 08:06 528689                     /lib/x86_64-linux-gnu/ld-2.19.so
7f5a847cb000-7f5a847cc000 rw-p 00023000 08:06 528689                     /lib/x86_64-linux-gnu/ld-2.19.so
7f5a847cc000-7f5a847cd000 rw-p 00000000 00:00 0 
7ffd3d856000-7ffd3d877000 rw-p 00000000 00:00 0                          [stack]
7ffd3d97a000-7ffd3d97c000 r--p 00000000 00:00 0                          [vvar]
7ffd3d97c000-7ffd3d97e000 r-xp 00000000 00:00 0                          [vdso]
ffffffffff600000-ffffffffff601000 r-xp 00000000 00:00 0                  [vsyscall]

VM Arguments:
jvm_args: -Djava.awt.headless=true -Xmx1024M -Dfile.encoding=UTF-8 -Duser.country=IN -Duser.language=en -Duser.variant 
java_command: com.android.dx.command.Main --dex --force-jumbo --num-threads=4 --output /home/ashwin/AndroidStudioProjects/mqtt/app/build/intermediates/pre-dexed/debug/com.android.support-appcompat-v7-23.2.0_84aa111d8eb9c48666cdfad69f311ac486fea813.jar /home/ashwin/AndroidStudioProjects/mqtt/app/build/intermediates/exploded-aar/com.android.support/appcompat-v7/23.2.0/jars/classes.jar
Launcher Type: SUN_STANDARD

Environment Variables:
PATH=/usr/local/sbin:/usr/local/bin:/usr/sbin:/usr/bin:/sbin:/bin:/usr/games:/usr/local/games
LD_LIBRARY_PATH=.:
SHELL=/bin/bash
DISPLAY=:0

Signal Handlers:
SIGSEGV: [libjvm.so+0x9a3b20], sa_mask[0]=0x7ffbfeff, sa_flags=0x10000004
SIGBUS: [libjvm.so+0x9a3b20], sa_mask[0]=0x7ffbfeff, sa_flags=0x10000004
SIGFPE: [libjvm.so+0x81e740], sa_mask[0]=0x7ffbfeff, sa_flags=0x10000004
SIGPIPE: [libjvm.so+0x81e740], sa_mask[0]=0x7ffbfeff, sa_flags=0x10000004
SIGXFSZ: [libjvm.so+0x81e740], sa_mask[0]=0x7ffbfeff, sa_flags=0x10000004
SIGILL: [libjvm.so+0x81e740], sa_mask[0]=0x7ffbfeff, sa_flags=0x10000004
SIGUSR1: SIG_DFL, sa_mask[0]=0x00000000, sa_flags=0x00000000
SIGUSR2: [libjvm.so+0x81ffb0], sa_mask[0]=0x00000004, sa_flags=0x10000004
SIGHUP: [libjvm.so+0x8210d0], sa_mask[0]=0x7ffbfeff, sa_flags=0x10000004
SIGINT: [libjvm.so+0x8210d0], sa_mask[0]=0x7ffbfeff, sa_flags=0x10000004
SIGTERM: [libjvm.so+0x8210d0], sa_mask[0]=0x7ffbfeff, sa_flags=0x10000004
SIGQUIT: [libjvm.so+0x8210d0], sa_mask[0]=0x7ffbfeff, sa_flags=0x10000004


---------------  S Y S T E M  ---------------

OS:jessie/sid

uname:Linux 3.19.0-25-generic #26~14.04.1-Ubuntu SMP Fri Jul 24 21:16:20 UTC 2015 x86_64
libc:glibc 2.19 NPTL 2.19 
rlimit: STACK 8192k, CORE 0k, NPROC 7349, NOFILE 4096, AS infinity
load average:16.16 6.80 3.07

/proc/meminfo:
MemTotal:        1902800 kB
MemFree:          217500 kB
MemAvailable:     196528 kB
Buffers:             480 kB
Cached:           280600 kB
SwapCached:         2444 kB
Active:          1135516 kB
Inactive:         400660 kB
Active(anon):    1125580 kB
Inactive(anon):   374736 kB
Active(file):       9936 kB
Inactive(file):    25924 kB
Unevictable:           0 kB
Mlocked:               0 kB
SwapTotal:       1947644 kB
SwapFree:         372148 kB
Dirty:               188 kB
Writeback:           192 kB
AnonPages:       1253188 kB
Mapped:            30008 kB
Shmem:            244916 kB
Slab:              71184 kB
SReclaimable:      34812 kB
SUnreclaim:        36372 kB
KernelStack:       10560 kB
PageTables:        36176 kB
NFS_Unstable:          0 kB
Bounce:                0 kB
WritebackTmp:          0 kB
CommitLimit:     2899044 kB
Committed_AS:    7849164 kB
VmallocTotal:   34359738367 kB
VmallocUsed:      543180 kB
VmallocChunk:   34359188444 kB
HardwareCorrupted:     0 kB
AnonHugePages:    647168 kB
CmaTotal:              0 kB
CmaFree:               0 kB
HugePages_Total:       0
HugePages_Free:        0
HugePages_Rsvd:        0
HugePages_Surp:        0
Hugepagesize:       2048 kB
DirectMap4k:       98060 kB
DirectMap2M:     1851392 kB


CPU:total 4 (2 cores per cpu, 2 threads per core) family 6 model 37 stepping 2, cmov, cx8, fxsr, mmx, sse, sse2, sse3, ssse3, sse4.1, sse4.2, popcnt, aes, ht, tsc, tscinvbit

/proc/cpuinfo:
processor	: 0
vendor_id	: GenuineIntel
cpu family	: 6
model		: 37
model name	: Intel(R) Core(TM) i5 CPU       M 520  @ 2.40GHz
stepping	: 2
microcode	: 0x9
cpu MHz		: 2400.000
cache size	: 3072 KB
physical id	: 0
siblings	: 4
core id		: 0
cpu cores	: 2
apicid		: 0
initial apicid	: 0
fpu		: yes
fpu_exception	: yes
cpuid level	: 11
wp		: yes
flags		: fpu vme de pse tsc msr pae mce cx8 apic sep mtrr pge mca cmov pat pse36 clflush dts acpi mmx fxsr sse sse2 ss ht tm pbe syscall nx rdtscp lm constant_tsc arch_perfmon pebs bts rep_good nopl xtopology nonstop_tsc aperfmperf pni pclmulqdq dtes64 monitor ds_cpl vmx smx est tm2 ssse3 cx16 xtpr pdcm sse4_1 sse4_2 popcnt aes lahf_lm ida arat dtherm tpr_shadow vnmi flexpriority ept vpid
bugs		:
bogomips	: 4788.04
clflush size	: 64
cache_alignment	: 64
address sizes	: 36 bits physical, 48 bits virtual
power management:

processor	: 1
vendor_id	: GenuineIntel
cpu family	: 6
model		: 37
model name	: Intel(R) Core(TM) i5 CPU       M 520  @ 2.40GHz
stepping	: 2
microcode	: 0x9
cpu MHz		: 2400.000
cache size	: 3072 KB
physical id	: 0
siblings	: 4
core id		: 0
cpu cores	: 2
apicid		: 1
initial apicid	: 1
fpu		: yes
fpu_exception	: yes
cpuid level	: 11
wp		: yes
flags		: fpu vme de pse tsc msr pae mce cx8 apic sep mtrr pge mca cmov pat pse36 clflush dts acpi mmx fxsr sse sse2 ss ht tm pbe syscall nx rdtscp lm constant_tsc arch_perfmon pebs bts rep_good nopl xtopology nonstop_tsc aperfmperf pni pclmulqdq dtes64 monitor ds_cpl vmx smx est tm2 ssse3 cx16 xtpr pdcm sse4_1 sse4_2 popcnt aes lahf_lm ida arat dtherm tpr_shadow vnmi flexpriority ept vpid
bugs		:
bogomips	: 4788.04
clflush size	: 64
cache_alignment	: 64
address sizes	: 36 bits physical, 48 bits virtual
power management:

processor	: 2
vendor_id	: GenuineIntel
cpu family	: 6
model		: 37
model name	: Intel(R) Core(TM) i5 CPU       M 520  @ 2.40GHz
stepping	: 2
microcode	: 0x9
cpu MHz		: 2400.000
cache size	: 3072 KB
physical id	: 0
siblings	: 4
core id		: 2
cpu cores	: 2
apicid		: 4
initial apicid	: 4
fpu		: yes
fpu_exception	: yes
cpuid level	: 11
wp		: yes
flags		: fpu vme de pse tsc msr pae mce cx8 apic sep mtrr pge mca cmov pat pse36 clflush dts acpi mmx fxsr sse sse2 ss ht tm pbe syscall nx rdtscp lm constant_tsc arch_perfmon pebs bts rep_good nopl xtopology nonstop_tsc aperfmperf pni pclmulqdq dtes64 monitor ds_cpl vmx smx est tm2 ssse3 cx16 xtpr pdcm sse4_1 sse4_2 popcnt aes lahf_lm ida arat dtherm tpr_shadow vnmi flexpriority ept vpid
bugs		:
bogomips	: 4788.04
clflush size	: 64
cache_alignment	: 64
address sizes	: 36 bits physical, 48 bits virtual
power management:

processor	: 3
vendor_id	: GenuineIntel
cpu family	: 6
model		: 37
model name	: Intel(R) Core(TM) i5 CPU       M 520  @ 2.40GHz
stepping	: 2
microcode	: 0x9
cpu MHz		: 2400.000
cache size	: 3072 KB
physical id	: 0
siblings	: 4
core id		: 2
cpu cores	: 2
apicid		: 5
initial apicid	: 5
fpu		: yes
fpu_exception	: yes
cpuid level	: 11
wp		: yes
flags		: fpu vme de pse tsc msr pae mce cx8 apic sep mtrr pge mca cmov pat pse36 clflush dts acpi mmx fxsr sse sse2 ss ht tm pbe syscall nx rdtscp lm constant_tsc arch_perfmon pebs bts rep_good nopl xtopology nonstop_tsc aperfmperf pni pclmulqdq dtes64 monitor ds_cpl vmx smx est tm2 ssse3 cx16 xtpr pdcm sse4_1 sse4_2 popcnt aes lahf_lm ida arat dtherm tpr_shadow vnmi flexpriority ept vpid
bugs		:
bogomips	: 4788.04
clflush size	: 64
cache_alignment	: 64
address sizes	: 36 bits physical, 48 bits virtual
power management:



Memory: 4k page, physical 1902800k(217376k free), swap 1947644k(372168k free)

vm_info: Java HotSpot(TM) 64-Bit Server VM (24.80-b11) for linux-amd64 JRE (1.7.0_80-b15), built on Apr 10 2015 19:53:14 by "java_re" with gcc 4.3.0 20080428 (Red Hat 4.3.0-8)

time: Sat Apr  9 01:59:21 2016
elapsed time: 20 seconds

